2024-10-21 21:36:34.099: Contra(
  (encoder): Encoder(
    (gcn1): GCNConv(1870, 512)
    (gcn2): GCNConv(512, 256)
    (gcn3): GCNConv(256, 512)
    (gcn4): GCNConv(512, 1870)
    (s): Sigmoid()
    (activation): ReLU()
  )
  (rep_projector): MLP(
    (net): Sequential(
      (0): Linear(in_features=256, out_features=1024, bias=True)
      (1): PReLU(num_parameters=1)
      (2): Linear(in_features=1024, out_features=1024, bias=True)
    )
  )
)
2024-10-21 21:36:34.099: Namespace(dataset='acm', gpu=0, hidden=512, out_dim=256, pro_hid=1024, mask=0.4, rep=1, clu=1, pro=1, update_p=1, activation='relu', epochs=200, lr=0.0005, weight_decay=1e-06, n_clusters=3, n_input=1870)
2024-10-21 21:36:34.100: metrics:	 acc	 nmi	 ari	 f1
2024-10-21 21:36:35.079: epoch0 Q1:	0.9286	0.7544	0.8001	0.9285
2024-10-21 21:36:37.887: epoch1 Q1:	0.9289	0.7565	0.8009	0.9289
2024-10-21 21:36:40.712: epoch2 Q1:	0.9302	0.7590	0.8044	0.9303
2024-10-21 21:36:43.462: epoch3 Q1:	0.9349	0.7692	0.8167	0.9349
2024-10-21 21:36:46.246: epoch4 Q1:	0.9385	0.7771	0.8265	0.9384
2024-10-21 21:36:49.048: epoch5 Q1:	0.9379	0.7727	0.8245	0.9377
2024-10-21 21:36:51.860: epoch6 Q1:	0.9375	0.7694	0.8235	0.9374
2024-10-21 21:36:54.659: epoch7 Q1:	0.9382	0.7710	0.8252	0.9381
2024-10-21 21:36:57.545: epoch8 Q1:	0.9382	0.7707	0.8252	0.9380
2024-10-21 21:37:00.461: epoch9 Q1:	0.9375	0.7690	0.8235	0.9374
2024-10-21 21:37:03.438: epoch10 Q1:	0.9385	0.7734	0.8263	0.9383
2024-10-21 21:37:06.295: epoch11 Q1:	0.9392	0.7765	0.8281	0.9390
2024-10-21 21:37:09.233: epoch12 Q1:	0.9412	0.7807	0.8332	0.9411
2024-10-21 21:37:12.052: epoch13 Q1:	0.9412	0.7807	0.8332	0.9411
2024-10-21 21:37:14.838: epoch14 Q1:	0.9405	0.7799	0.8316	0.9404
2024-10-21 21:37:17.636: epoch15 Q1:	0.9405	0.7799	0.8316	0.9404
2024-10-21 21:37:20.518: epoch16 Q1:	0.9398	0.7777	0.8299	0.9396
2024-10-21 21:37:23.309: epoch17 Q1:	0.9388	0.7756	0.8273	0.9386
2024-10-21 21:37:26.149: epoch18 Q1:	0.9398	0.7789	0.8300	0.9396
2024-10-21 21:37:28.994: epoch19 Q1:	0.9392	0.7767	0.8283	0.9389
2024-10-21 21:37:31.848: epoch20 Q1:	0.9398	0.7788	0.8300	0.9395
2024-10-21 21:37:34.641: epoch21 Q1:	0.9395	0.7769	0.8291	0.9392
2024-10-21 21:37:37.442: epoch22 Q1:	0.9392	0.7772	0.8283	0.9388
2024-10-21 21:37:40.293: epoch23 Q1:	0.9402	0.7790	0.8309	0.9399
2024-10-21 21:37:43.141: epoch24 Q1:	0.9398	0.7778	0.8300	0.9395
2024-10-21 21:37:46.003: epoch25 Q1:	0.9402	0.7786	0.8309	0.9398
2024-10-21 21:37:48.850: epoch26 Q1:	0.9402	0.7786	0.8309	0.9398
2024-10-21 21:37:51.714: epoch27 Q1:	0.9415	0.7823	0.8343	0.9413
2024-10-21 21:37:54.516: epoch28 Q1:	0.9425	0.7853	0.8369	0.9423
2024-10-21 21:37:57.238: epoch29 Q1:	0.9438	0.7883	0.8402	0.9438
2024-10-21 21:38:00.016: epoch30 Q1:	0.9438	0.7886	0.8402	0.9438
2024-10-21 21:38:02.839: epoch31 Q1:	0.9445	0.7907	0.8420	0.9444
2024-10-21 21:38:05.682: epoch32 Q1:	0.9441	0.7899	0.8411	0.9441
2024-10-21 21:38:08.444: epoch33 Q1:	0.9441	0.7906	0.8411	0.9441
2024-10-21 21:38:11.227: epoch34 Q1:	0.9451	0.7931	0.8437	0.9452
2024-10-21 21:38:14.034: epoch35 Q1:	0.9455	0.7937	0.8446	0.9455
2024-10-21 21:38:16.820: epoch36 Q1:	0.9451	0.7924	0.8437	0.9452
2024-10-21 21:38:19.612: epoch37 Q1:	0.9455	0.7944	0.8447	0.9455
2024-10-21 21:38:22.423: epoch38 Q1:	0.9455	0.7944	0.8447	0.9455
2024-10-21 21:38:25.226: epoch39 Q1:	0.9461	0.7974	0.8465	0.9462
2024-10-21 21:38:28.023: epoch40 Q1:	0.9461	0.7974	0.8465	0.9462
2024-10-21 21:38:30.816: epoch41 Q1:	0.9468	0.7987	0.8482	0.9468
2024-10-21 21:38:33.619: epoch42 Q1:	0.9474	0.8008	0.8500	0.9475
2024-10-21 21:38:36.417: epoch43 Q1:	0.9474	0.8008	0.8500	0.9475
2024-10-21 21:38:39.332: epoch44 Q1:	0.9474	0.8008	0.8500	0.9475
2024-10-21 21:38:42.107: epoch45 Q1:	0.9478	0.8019	0.8509	0.9479
2024-10-21 21:38:44.922: epoch46 Q1:	0.9478	0.8019	0.8509	0.9479
2024-10-21 21:38:47.728: epoch47 Q1:	0.9474	0.8008	0.8500	0.9476
2024-10-21 21:38:50.516: epoch48 Q1:	0.9478	0.8016	0.8509	0.9479
2024-10-21 21:38:53.324: epoch49 Q1:	0.9481	0.8023	0.8517	0.9482
2024-10-21 21:38:56.150: epoch50 Q1:	0.9481	0.8023	0.8517	0.9482
2024-10-21 21:38:58.982: epoch51 Q1:	0.9481	0.8023	0.8517	0.9482
2024-10-21 21:39:01.820: epoch52 Q1:	0.9478	0.8016	0.8509	0.9479
2024-10-21 21:39:04.601: epoch53 Q1:	0.9474	0.8008	0.8500	0.9476
2024-10-21 21:39:07.421: epoch54 Q1:	0.9474	0.8008	0.8500	0.9476
2024-10-21 21:39:10.267: epoch55 Q1:	0.9471	0.8001	0.8491	0.9472
2024-10-21 21:39:13.150: epoch56 Q1:	0.9474	0.8017	0.8501	0.9475
2024-10-21 21:39:15.993: epoch57 Q1:	0.9478	0.8035	0.8510	0.9479
2024-10-21 21:39:18.812: epoch58 Q1:	0.9474	0.8036	0.8502	0.9475
2024-10-21 21:39:21.614: epoch59 Q1:	0.9484	0.8063	0.8529	0.9485
2024-10-21 21:39:24.400: epoch60 Q1:	0.9481	0.8047	0.8520	0.9482
2024-10-21 21:39:27.190: epoch61 Q1:	0.9484	0.8053	0.8528	0.9485
2024-10-21 21:39:30.008: epoch62 Q1:	0.9488	0.8056	0.8537	0.9489
2024-10-21 21:39:32.794: epoch63 Q1:	0.9491	0.8064	0.8545	0.9492
2024-10-21 21:39:35.608: epoch64 Q1:	0.9488	0.8052	0.8536	0.9489
2024-10-21 21:39:38.464: epoch65 Q1:	0.9488	0.8052	0.8536	0.9489
2024-10-21 21:39:41.285: epoch66 Q1:	0.9481	0.8036	0.8519	0.9482
2024-10-21 21:39:44.109: epoch67 Q1:	0.9478	0.8029	0.8510	0.9479
2024-10-21 21:39:46.977: epoch68 Q1:	0.9474	0.8026	0.8502	0.9475
2024-10-21 21:39:49.822: epoch69 Q1:	0.9471	0.8019	0.8493	0.9472
2024-10-21 21:39:52.661: epoch70 Q1:	0.9474	0.8030	0.8502	0.9475
2024-10-21 21:39:55.550: epoch71 Q1:	0.9474	0.8027	0.8502	0.9475
2024-10-21 21:39:58.373: epoch72 Q1:	0.9484	0.8050	0.8528	0.9485
2024-10-21 21:40:01.215: epoch73 Q1:	0.9491	0.8065	0.8546	0.9492
2024-10-21 21:40:03.997: epoch74 Q1:	0.9491	0.8057	0.8545	0.9492
2024-10-21 21:40:06.786: epoch75 Q1:	0.9488	0.8047	0.8536	0.9489
2024-10-21 21:40:09.583: epoch76 Q1:	0.9494	0.8072	0.8554	0.9495
2024-10-21 21:40:12.385: epoch77 Q1:	0.9494	0.8072	0.8554	0.9495
2024-10-21 21:40:15.173: epoch78 Q1:	0.9484	0.8045	0.8528	0.9485
2024-10-21 21:40:17.979: epoch79 Q1:	0.9478	0.8030	0.8510	0.9479
2024-10-21 21:40:20.795: epoch80 Q1:	0.9478	0.8030	0.8510	0.9479
2024-10-21 21:40:23.593: epoch81 Q1:	0.9478	0.8030	0.8510	0.9479
2024-10-21 21:40:26.379: epoch82 Q1:	0.9484	0.8045	0.8528	0.9485
2024-10-21 21:40:29.173: epoch83 Q1:	0.9484	0.8045	0.8528	0.9485
2024-10-21 21:40:31.988: epoch84 Q1:	0.9488	0.8053	0.8537	0.9488
2024-10-21 21:40:34.789: epoch85 Q1:	0.9481	0.8033	0.8519	0.9482
2024-10-21 21:40:37.578: epoch86 Q1:	0.9481	0.8033	0.8519	0.9482
2024-10-21 21:40:40.383: epoch87 Q1:	0.9478	0.8025	0.8510	0.9479
2024-10-21 21:40:43.166: epoch88 Q1:	0.9484	0.8045	0.8528	0.9485
2024-10-21 21:40:45.957: epoch89 Q1:	0.9484	0.8045	0.8528	0.9485
2024-10-21 21:40:48.762: epoch90 Q1:	0.9478	0.8030	0.8510	0.9479
2024-10-21 21:40:51.564: epoch91 Q1:	0.9478	0.8030	0.8510	0.9479
2024-10-21 21:40:54.378: epoch92 Q1:	0.9481	0.8037	0.8519	0.9482
2024-10-21 21:40:57.159: epoch93 Q1:	0.9484	0.8045	0.8528	0.9485
2024-10-21 21:40:59.970: epoch94 Q1:	0.9484	0.8045	0.8528	0.9485
2024-10-21 21:41:02.752: epoch95 Q1:	0.9484	0.8045	0.8528	0.9485
2024-10-21 21:41:05.582: epoch96 Q1:	0.9481	0.8033	0.8519	0.9482
2024-10-21 21:41:08.383: epoch97 Q1:	0.9481	0.8028	0.8519	0.9482
2024-10-21 21:41:11.175: epoch98 Q1:	0.9484	0.8040	0.8528	0.9485
2024-10-21 21:41:13.970: epoch99 Q1:	0.9488	0.8053	0.8537	0.9488
2024-10-21 21:41:16.758: epoch100 Q1:	0.9488	0.8053	0.8537	0.9488
2024-10-21 21:41:19.566: epoch101 Q1:	0.9488	0.8053	0.8537	0.9488
2024-10-21 21:41:22.352: epoch102 Q1:	0.9488	0.8053	0.8537	0.9488
2024-10-21 21:41:25.161: epoch103 Q1:	0.9484	0.8045	0.8528	0.9485
2024-10-21 21:41:27.979: epoch104 Q1:	0.9478	0.8025	0.8510	0.9479
2024-10-21 21:41:30.748: epoch105 Q1:	0.9478	0.8025	0.8510	0.9479
2024-10-21 21:41:33.530: epoch106 Q1:	0.9484	0.8040	0.8528	0.9485
2024-10-21 21:41:36.355: epoch107 Q1:	0.9484	0.8040	0.8528	0.9485
2024-10-21 21:41:39.292: epoch108 Q1:	0.9484	0.8040	0.8528	0.9485
2024-10-21 21:41:42.116: epoch109 Q1:	0.9484	0.8040	0.8528	0.9485
2024-10-21 21:41:44.928: epoch110 Q1:	0.9484	0.8040	0.8528	0.9485
2024-10-21 21:41:47.752: epoch111 Q1:	0.9484	0.8040	0.8528	0.9485
2024-10-21 21:41:50.562: epoch112 Q1:	0.9484	0.8040	0.8528	0.9485
2024-10-21 21:41:53.338: epoch113 Q1:	0.9481	0.8033	0.8519	0.9482
2024-10-21 21:41:56.138: epoch114 Q1:	0.9478	0.8025	0.8510	0.9479
2024-10-21 21:41:58.964: epoch115 Q1:	0.9481	0.8033	0.8519	0.9482
2024-10-21 21:42:01.752: epoch116 Q1:	0.9481	0.8028	0.8519	0.9482
2024-10-21 21:42:04.547: epoch117 Q1:	0.9481	0.8028	0.8519	0.9482
2024-10-21 21:42:07.355: epoch118 Q1:	0.9481	0.8028	0.8519	0.9482
2024-10-21 21:42:10.226: epoch119 Q1:	0.9491	0.8056	0.8545	0.9492
2024-10-21 21:42:13.037: epoch120 Q1:	0.9484	0.8040	0.8528	0.9485
2024-10-21 21:42:15.765: epoch121 Q1:	0.9484	0.8040	0.8528	0.9485
2024-10-21 21:42:18.551: epoch122 Q1:	0.9481	0.8033	0.8519	0.9482
2024-10-21 21:42:21.361: epoch123 Q1:	0.9481	0.8033	0.8519	0.9482
2024-10-21 21:42:24.157: epoch124 Q1:	0.9484	0.8040	0.8528	0.9485
2024-10-21 21:42:26.952: epoch125 Q1:	0.9484	0.8040	0.8528	0.9485
2024-10-21 21:42:29.726: epoch126 Q1:	0.9484	0.8040	0.8528	0.9485
2024-10-21 21:42:32.547: epoch127 Q1:	0.9484	0.8045	0.8528	0.9485
2024-10-21 21:42:35.345: epoch128 Q1:	0.9484	0.8045	0.8528	0.9485
2024-10-21 21:42:38.253: epoch129 Q1:	0.9484	0.8045	0.8528	0.9485
2024-10-21 21:42:41.064: epoch130 Q1:	0.9488	0.8057	0.8537	0.9488
2024-10-21 21:42:43.928: epoch131 Q1:	0.9478	0.8025	0.8510	0.9479
2024-10-21 21:42:46.746: epoch132 Q1:	0.9481	0.8033	0.8519	0.9482
2024-10-21 21:42:49.547: epoch133 Q1:	0.9484	0.8040	0.8528	0.9485
2024-10-21 21:42:52.350: epoch134 Q1:	0.9484	0.8040	0.8528	0.9485
2024-10-21 21:42:55.129: epoch135 Q1:	0.9484	0.8040	0.8528	0.9485
2024-10-21 21:42:57.921: epoch136 Q1:	0.9484	0.8040	0.8528	0.9485
2024-10-21 21:43:00.735: epoch137 Q1:	0.9484	0.8040	0.8528	0.9485
2024-10-21 21:43:03.535: epoch138 Q1:	0.9484	0.8040	0.8528	0.9485
2024-10-21 21:43:06.322: epoch139 Q1:	0.9488	0.8057	0.8537	0.9488
2024-10-21 21:43:09.125: epoch140 Q1:	0.9491	0.8064	0.8546	0.9492
2024-10-21 21:43:11.919: epoch141 Q1:	0.9484	0.8045	0.8528	0.9485
2024-10-21 21:43:14.748: epoch142 Q1:	0.9484	0.8045	0.8528	0.9485
2024-10-21 21:43:17.522: epoch143 Q1:	0.9484	0.8045	0.8528	0.9485
2024-10-21 21:43:20.307: epoch144 Q1:	0.9488	0.8057	0.8537	0.9488
2024-10-21 21:43:23.120: epoch145 Q1:	0.9488	0.8057	0.8537	0.9488
2024-10-21 21:43:25.930: epoch146 Q1:	0.9488	0.8057	0.8537	0.9488
2024-10-21 21:43:28.720: epoch147 Q1:	0.9484	0.8049	0.8528	0.9485
2024-10-21 21:43:31.526: epoch148 Q1:	0.9484	0.8040	0.8528	0.9485
2024-10-21 21:43:34.306: epoch149 Q1:	0.9494	0.8072	0.8555	0.9495
2024-10-21 21:43:37.106: epoch150 Q1:	0.9494	0.8072	0.8555	0.9495
2024-10-21 21:43:39.937: epoch151 Q1:	0.9494	0.8072	0.8555	0.9495
2024-10-21 21:43:42.710: epoch152 Q1:	0.9494	0.8072	0.8555	0.9495
2024-10-21 21:43:45.505: epoch153 Q1:	0.9481	0.8041	0.8519	0.9482
2024-10-21 21:43:48.312: epoch154 Q1:	0.9481	0.8041	0.8519	0.9482
2024-10-21 21:43:51.120: epoch155 Q1:	0.9478	0.8034	0.8511	0.9479
2024-10-21 21:43:53.892: epoch156 Q1:	0.9478	0.8034	0.8511	0.9479
2024-10-21 21:43:56.721: epoch157 Q1:	0.9481	0.8041	0.8519	0.9482
2024-10-21 21:43:59.500: epoch158 Q1:	0.9494	0.8072	0.8555	0.9495
2024-10-21 21:44:02.316: epoch159 Q1:	0.9494	0.8072	0.8555	0.9495
2024-10-21 21:44:05.106: epoch160 Q1:	0.9498	0.8095	0.8565	0.9498
2024-10-21 21:44:07.924: epoch161 Q1:	0.9488	0.8052	0.8537	0.9488
2024-10-21 21:44:10.717: epoch162 Q1:	0.9481	0.8037	0.8519	0.9482
2024-10-21 21:44:13.492: epoch163 Q1:	0.9481	0.8041	0.8519	0.9482
2024-10-21 21:44:16.299: epoch164 Q1:	0.9478	0.8034	0.8511	0.9479
2024-10-21 21:44:19.195: epoch165 Q1:	0.9484	0.8069	0.8530	0.9485
2024-10-21 21:44:21.913: epoch166 Q1:	0.9484	0.8069	0.8530	0.9485
2024-10-21 21:44:24.705: epoch167 Q1:	0.9501	0.8107	0.8574	0.9502
2024-10-21 21:44:27.493: epoch168 Q1:	0.9498	0.8095	0.8565	0.9498
2024-10-21 21:44:30.310: epoch169 Q1:	0.9498	0.8095	0.8565	0.9498
2024-10-21 21:44:33.082: epoch170 Q1:	0.9498	0.8095	0.8565	0.9498
2024-10-21 21:44:35.902: epoch171 Q1:	0.9494	0.8087	0.8556	0.9495
2024-10-21 21:44:38.708: epoch172 Q1:	0.9491	0.8079	0.8547	0.9492
2024-10-21 21:44:41.499: epoch173 Q1:	0.9491	0.8084	0.8547	0.9492
2024-10-21 21:44:44.283: epoch174 Q1:	0.9488	0.8076	0.8538	0.9488
2024-10-21 21:44:47.091: epoch175 Q1:	0.9484	0.8069	0.8530	0.9485
2024-10-21 21:44:49.881: epoch176 Q1:	0.9488	0.8076	0.8538	0.9488
2024-10-21 21:44:52.690: epoch177 Q1:	0.9494	0.8091	0.8556	0.9495
2024-10-21 21:44:55.476: epoch178 Q1:	0.9501	0.8107	0.8574	0.9502
2024-10-21 21:44:58.296: epoch179 Q1:	0.9501	0.8107	0.8574	0.9502
2024-10-21 21:45:01.101: epoch180 Q1:	0.9501	0.8107	0.8574	0.9502
2024-10-21 21:45:03.878: epoch181 Q1:	0.9498	0.8099	0.8565	0.9498
2024-10-21 21:45:06.675: epoch182 Q1:	0.9491	0.8084	0.8547	0.9492
2024-10-21 21:45:09.491: epoch183 Q1:	0.9484	0.8064	0.8529	0.9485
2024-10-21 21:45:12.370: epoch184 Q1:	0.9488	0.8072	0.8538	0.9488
2024-10-21 21:45:15.152: epoch185 Q1:	0.9491	0.8079	0.8547	0.9492
2024-10-21 21:45:17.987: epoch186 Q1:	0.9494	0.8087	0.8556	0.9495
2024-10-21 21:45:20.858: epoch187 Q1:	0.9501	0.8102	0.8573	0.9502
2024-10-21 21:45:23.700: epoch188 Q1:	0.9501	0.8102	0.8573	0.9502
2024-10-21 21:45:26.488: epoch189 Q1:	0.9494	0.8087	0.8556	0.9495
2024-10-21 21:45:29.280: epoch190 Q1:	0.9491	0.8067	0.8546	0.9492
2024-10-21 21:45:32.099: epoch191 Q1:	0.9474	0.8030	0.8502	0.9475
2024-10-21 21:45:34.888: epoch192 Q1:	0.9481	0.8061	0.8521	0.9482
2024-10-21 21:45:37.682: epoch193 Q1:	0.9481	0.8061	0.8521	0.9482
2024-10-21 21:45:40.679: epoch194 Q1:	0.9491	0.8084	0.8547	0.9492
2024-10-21 21:45:43.501: epoch195 Q1:	0.9498	0.8099	0.8565	0.9498
2024-10-21 21:45:46.462: epoch196 Q1:	0.9501	0.8104	0.8573	0.9502
2024-10-21 21:45:49.289: epoch197 Q1:	0.9498	0.8092	0.8564	0.9498
2024-10-21 21:45:52.073: epoch198 Q1:	0.9491	0.8065	0.8546	0.9492
2024-10-21 21:45:54.909: epoch199 Q1:	0.9488	0.8060	0.8537	0.9488
2024-10-21 21:45:57.715: Best Acc is at epoch168:	0.9501	0.8107	0.8574	0.9502
