2024-11-05 21:51:06.459: Contra(
  (encoder): Encoder(
    (gcn1): GCNConv(3703, 512)
    (gcn2): GCNConv(512, 256)
    (gcn3): GCNConv(256, 512)
    (gcn4): GCNConv(512, 3703)
    (s): Sigmoid()
    (activation): ReLU()
  )
  (rep_projector): MLP(
    (net): Sequential(
      (0): Linear(in_features=256, out_features=1024, bias=True)
      (1): PReLU(num_parameters=1)
      (2): Linear(in_features=1024, out_features=1024, bias=True)
    )
  )
)
2024-11-05 21:51:06.460: Namespace(dataset='cite', gpu=0, hidden=512, out_dim=256, pro_hid=1024, mask=0.3, rep=1, clu=1, pro=1, update_p=1, activation='relu', epochs=200, lr=0.001, weight_decay=0.01, n_clusters=6, n_input=3703)
2024-11-05 21:51:06.460: metrics:	 acc	 nmi	 ari	 f1
2024-11-05 21:51:07.337: epoch0 Q1:	0.6823	0.4272	0.4299	0.6418
2024-11-05 21:51:08.594: epoch1 Q1:	0.6889	0.4371	0.4378	0.6389
2024-11-05 21:51:09.590: epoch2 Q1:	0.6760	0.4231	0.4228	0.6367
2024-11-05 21:51:10.633: epoch3 Q1:	0.6847	0.4335	0.4352	0.6427
2024-11-05 21:51:12.377: epoch4 Q1:	0.6841	0.4310	0.4309	0.6403
2024-11-05 21:51:13.325: epoch5 Q1:	0.6796	0.4284	0.4249	0.6370
2024-11-05 21:51:14.254: epoch6 Q1:	0.6841	0.4340	0.4338	0.6424
2024-11-05 21:51:15.186: epoch7 Q1:	0.6865	0.4356	0.4373	0.6459
2024-11-05 21:51:16.085: epoch8 Q1:	0.6838	0.4346	0.4348	0.6439
2024-11-05 21:51:16.954: epoch9 Q1:	0.6829	0.4344	0.4341	0.6427
2024-11-05 21:51:17.845: epoch10 Q1:	0.6814	0.4356	0.4349	0.6416
2024-11-05 21:51:18.765: epoch11 Q1:	0.6829	0.4370	0.4371	0.6429
2024-11-05 21:51:19.688: epoch12 Q1:	0.6844	0.4391	0.4396	0.6442
2024-11-05 21:51:20.603: epoch13 Q1:	0.6868	0.4404	0.4422	0.6462
2024-11-05 21:51:21.529: epoch14 Q1:	0.6859	0.4396	0.4419	0.6453
2024-11-05 21:51:22.434: epoch15 Q1:	0.6853	0.4418	0.4434	0.6450
2024-11-05 21:51:23.342: epoch16 Q1:	0.6898	0.4455	0.4489	0.6489
2024-11-05 21:51:24.257: epoch17 Q1:	0.6898	0.4449	0.4480	0.6489
2024-11-05 21:51:25.176: epoch18 Q1:	0.6931	0.4467	0.4511	0.6516
2024-11-05 21:51:26.081: epoch19 Q1:	0.6925	0.4456	0.4488	0.6505
2024-11-05 21:51:27.007: epoch20 Q1:	0.6937	0.4476	0.4511	0.6517
2024-11-05 21:51:27.940: epoch21 Q1:	0.6928	0.4475	0.4505	0.6506
2024-11-05 21:51:28.873: epoch22 Q1:	0.6943	0.4490	0.4544	0.6525
2024-11-05 21:51:29.797: epoch23 Q1:	0.6925	0.4470	0.4522	0.6501
2024-11-05 21:51:30.730: epoch24 Q1:	0.6928	0.4462	0.4518	0.6500
2024-11-05 21:51:31.673: epoch25 Q1:	0.6964	0.4464	0.4559	0.6527
2024-11-05 21:51:32.661: epoch26 Q1:	0.6976	0.4493	0.4591	0.6539
2024-11-05 21:51:33.616: epoch27 Q1:	0.6946	0.4490	0.4560	0.6516
2024-11-05 21:51:34.987: epoch28 Q1:	0.6982	0.4499	0.4590	0.6544
2024-11-05 21:51:35.971: epoch29 Q1:	0.7018	0.4540	0.4640	0.6566
2024-11-05 21:51:36.948: epoch30 Q1:	0.7003	0.4525	0.4625	0.6554
2024-11-05 21:51:37.950: epoch31 Q1:	0.6982	0.4513	0.4604	0.6542
2024-11-05 21:51:38.934: epoch32 Q1:	0.7006	0.4533	0.4643	0.6565
2024-11-05 21:51:39.950: epoch33 Q1:	0.7003	0.4525	0.4641	0.6552
2024-11-05 21:51:40.951: epoch34 Q1:	0.7006	0.4535	0.4648	0.6556
2024-11-05 21:51:42.025: epoch35 Q1:	0.6988	0.4518	0.4626	0.6546
2024-11-05 21:51:43.043: epoch36 Q1:	0.6994	0.4535	0.4640	0.6547
2024-11-05 21:51:44.408: epoch37 Q1:	0.7039	0.4567	0.4697	0.6581
2024-11-05 21:51:45.411: epoch38 Q1:	0.7042	0.4579	0.4702	0.6584
2024-11-05 21:51:46.425: epoch39 Q1:	0.7051	0.4570	0.4710	0.6585
2024-11-05 21:51:47.442: epoch40 Q1:	0.7039	0.4560	0.4699	0.6574
2024-11-05 21:51:48.460: epoch41 Q1:	0.7054	0.4573	0.4716	0.6587
2024-11-05 21:51:49.518: epoch42 Q1:	0.7072	0.4592	0.4744	0.6597
2024-11-05 21:51:50.531: epoch43 Q1:	0.7081	0.4606	0.4759	0.6616
2024-11-05 21:51:51.570: epoch44 Q1:	0.7075	0.4594	0.4747	0.6611
2024-11-05 21:51:52.614: epoch45 Q1:	0.7075	0.4592	0.4747	0.6606
2024-11-05 21:51:53.639: epoch46 Q1:	0.7096	0.4612	0.4778	0.6626
2024-11-05 21:51:54.663: epoch47 Q1:	0.7106	0.4629	0.4802	0.6638
2024-11-05 21:51:55.677: epoch48 Q1:	0.7093	0.4605	0.4778	0.6624
2024-11-05 21:51:56.709: epoch49 Q1:	0.7102	0.4598	0.4781	0.6630
2024-11-05 21:51:57.735: epoch50 Q1:	0.7102	0.4607	0.4779	0.6630
2024-11-05 21:51:58.743: epoch51 Q1:	0.7096	0.4598	0.4772	0.6624
2024-11-05 21:51:59.781: epoch52 Q1:	0.7078	0.4582	0.4745	0.6613
2024-11-05 21:52:00.826: epoch53 Q1:	0.7069	0.4569	0.4734	0.6605
2024-11-05 21:52:01.838: epoch54 Q1:	0.7087	0.4576	0.4754	0.6619
2024-11-05 21:52:02.846: epoch55 Q1:	0.7084	0.4566	0.4746	0.6616
2024-11-05 21:52:03.861: epoch56 Q1:	0.7078	0.4571	0.4747	0.6613
2024-11-05 21:52:04.880: epoch57 Q1:	0.7087	0.4585	0.4764	0.6619
2024-11-05 21:52:05.916: epoch58 Q1:	0.7087	0.4564	0.4750	0.6617
2024-11-05 21:52:06.936: epoch59 Q1:	0.7106	0.4590	0.4782	0.6631
2024-11-05 21:52:07.950: epoch60 Q1:	0.7106	0.4596	0.4782	0.6630
2024-11-05 21:52:08.959: epoch61 Q1:	0.7106	0.4591	0.4779	0.6634
2024-11-05 21:52:09.982: epoch62 Q1:	0.7115	0.4598	0.4785	0.6646
2024-11-05 21:52:11.000: epoch63 Q1:	0.7109	0.4588	0.4775	0.6650
2024-11-05 21:52:12.013: epoch64 Q1:	0.7102	0.4582	0.4773	0.6653
2024-11-05 21:52:13.025: epoch65 Q1:	0.7099	0.4574	0.4765	0.6650
2024-11-05 21:52:14.058: epoch66 Q1:	0.7109	0.4592	0.4785	0.6644
2024-11-05 21:52:15.073: epoch67 Q1:	0.7072	0.4565	0.4752	0.6631
2024-11-05 21:52:16.110: epoch68 Q1:	0.7090	0.4586	0.4775	0.6643
2024-11-05 21:52:17.128: epoch69 Q1:	0.7118	0.4609	0.4798	0.6660
2024-11-05 21:52:18.143: epoch70 Q1:	0.7109	0.4588	0.4776	0.6655
2024-11-05 21:52:19.153: epoch71 Q1:	0.7078	0.4564	0.4754	0.6632
2024-11-05 21:52:20.176: epoch72 Q1:	0.7069	0.4550	0.4741	0.6626
2024-11-05 21:52:21.193: epoch73 Q1:	0.7087	0.4555	0.4751	0.6636
2024-11-05 21:52:22.216: epoch74 Q1:	0.7115	0.4553	0.4773	0.6654
2024-11-05 21:52:23.226: epoch75 Q1:	0.7118	0.4562	0.4781	0.6656
2024-11-05 21:52:24.235: epoch76 Q1:	0.7102	0.4546	0.4761	0.6650
2024-11-05 21:52:25.259: epoch77 Q1:	0.7093	0.4553	0.4755	0.6645
2024-11-05 21:52:26.276: epoch78 Q1:	0.7124	0.4581	0.4795	0.6665
2024-11-05 21:52:27.276: epoch79 Q1:	0.7121	0.4561	0.4781	0.6657
2024-11-05 21:52:28.278: epoch80 Q1:	0.7121	0.4559	0.4788	0.6662
2024-11-05 21:52:29.295: epoch81 Q1:	0.7099	0.4543	0.4765	0.6646
2024-11-05 21:52:30.290: epoch82 Q1:	0.7106	0.4556	0.4779	0.6647
2024-11-05 21:52:31.293: epoch83 Q1:	0.7106	0.4548	0.4771	0.6647
2024-11-05 21:52:32.285: epoch84 Q1:	0.7090	0.4523	0.4743	0.6634
2024-11-05 21:52:33.271: epoch85 Q1:	0.7081	0.4513	0.4737	0.6625
2024-11-05 21:52:34.269: epoch86 Q1:	0.7075	0.4503	0.4728	0.6628
2024-11-05 21:52:35.261: epoch87 Q1:	0.7087	0.4514	0.4739	0.6631
2024-11-05 21:52:36.270: epoch88 Q1:	0.7106	0.4547	0.4765	0.6646
2024-11-05 21:52:37.266: epoch89 Q1:	0.7093	0.4530	0.4749	0.6640
2024-11-05 21:52:38.274: epoch90 Q1:	0.7084	0.4512	0.4730	0.6639
2024-11-05 21:52:39.311: epoch91 Q1:	0.7106	0.4536	0.4753	0.6655
2024-11-05 21:52:40.325: epoch92 Q1:	0.7115	0.4553	0.4768	0.6658
2024-11-05 21:52:41.343: epoch93 Q1:	0.7109	0.4534	0.4752	0.6661
2024-11-05 21:52:42.384: epoch94 Q1:	0.7087	0.4522	0.4734	0.6644
2024-11-05 21:52:43.388: epoch95 Q1:	0.7102	0.4541	0.4757	0.6655
2024-11-05 21:52:44.383: epoch96 Q1:	0.7127	0.4571	0.4787	0.6666
2024-11-05 21:52:45.396: epoch97 Q1:	0.7127	0.4568	0.4786	0.6666
2024-11-05 21:52:46.418: epoch98 Q1:	0.7109	0.4528	0.4753	0.6662
2024-11-05 21:52:47.439: epoch99 Q1:	0.7096	0.4520	0.4741	0.6635
2024-11-05 21:52:48.441: epoch100 Q1:	0.7099	0.4517	0.4743	0.6637
2024-11-05 21:52:49.457: epoch101 Q1:	0.7093	0.4500	0.4730	0.6630
2024-11-05 21:52:50.501: epoch102 Q1:	0.7102	0.4509	0.4744	0.6643
2024-11-05 21:52:51.590: epoch103 Q1:	0.7109	0.4530	0.4759	0.6647
2024-11-05 21:52:52.649: epoch104 Q1:	0.7112	0.4536	0.4767	0.6649
2024-11-05 21:52:53.669: epoch105 Q1:	0.7090	0.4504	0.4734	0.6631
2024-11-05 21:52:54.686: epoch106 Q1:	0.7096	0.4517	0.4746	0.6637
2024-11-05 21:52:55.708: epoch107 Q1:	0.7112	0.4544	0.4770	0.6645
2024-11-05 21:52:56.737: epoch108 Q1:	0.7115	0.4549	0.4774	0.6642
2024-11-05 21:52:57.762: epoch109 Q1:	0.7087	0.4513	0.4738	0.6627
2024-11-05 21:52:58.830: epoch110 Q1:	0.7093	0.4515	0.4745	0.6632
2024-11-05 21:52:59.881: epoch111 Q1:	0.7096	0.4521	0.4749	0.6629
2024-11-05 21:53:00.914: epoch112 Q1:	0.7093	0.4513	0.4739	0.6632
2024-11-05 21:53:01.945: epoch113 Q1:	0.7081	0.4497	0.4723	0.6626
2024-11-05 21:53:02.974: epoch114 Q1:	0.7093	0.4513	0.4743	0.6637
2024-11-05 21:53:03.978: epoch115 Q1:	0.7099	0.4517	0.4748	0.6642
2024-11-05 21:53:04.997: epoch116 Q1:	0.7109	0.4534	0.4764	0.6652
2024-11-05 21:53:06.024: epoch117 Q1:	0.7115	0.4542	0.4772	0.6662
2024-11-05 21:53:07.050: epoch118 Q1:	0.7102	0.4521	0.4753	0.6650
2024-11-05 21:53:08.056: epoch119 Q1:	0.7099	0.4513	0.4745	0.6646
2024-11-05 21:53:09.071: epoch120 Q1:	0.7099	0.4523	0.4750	0.6640
2024-11-05 21:53:10.091: epoch121 Q1:	0.7106	0.4531	0.4762	0.6643
2024-11-05 21:53:11.107: epoch122 Q1:	0.7096	0.4521	0.4752	0.6635
2024-11-05 21:53:12.111: epoch123 Q1:	0.7096	0.4528	0.4753	0.6633
2024-11-05 21:53:13.118: epoch124 Q1:	0.7093	0.4525	0.4746	0.6621
2024-11-05 21:53:14.149: epoch125 Q1:	0.7102	0.4540	0.4757	0.6633
2024-11-05 21:53:15.155: epoch126 Q1:	0.7102	0.4527	0.4753	0.6645
2024-11-05 21:53:16.156: epoch127 Q1:	0.7102	0.4524	0.4754	0.6645
2024-11-05 21:53:17.168: epoch128 Q1:	0.7102	0.4513	0.4743	0.6637
2024-11-05 21:53:18.178: epoch129 Q1:	0.7102	0.4522	0.4752	0.6637
2024-11-05 21:53:19.199: epoch130 Q1:	0.7102	0.4526	0.4758	0.6636
2024-11-05 21:53:20.208: epoch131 Q1:	0.7096	0.4519	0.4748	0.6632
2024-11-05 21:53:21.230: epoch132 Q1:	0.7112	0.4534	0.4767	0.6655
2024-11-05 21:53:22.237: epoch133 Q1:	0.7112	0.4539	0.4770	0.6655
2024-11-05 21:53:23.257: epoch134 Q1:	0.7112	0.4546	0.4772	0.6660
2024-11-05 21:53:24.271: epoch135 Q1:	0.7112	0.4542	0.4763	0.6660
2024-11-05 21:53:25.283: epoch136 Q1:	0.7106	0.4525	0.4749	0.6655
2024-11-05 21:53:26.291: epoch137 Q1:	0.7109	0.4529	0.4761	0.6657
2024-11-05 21:53:27.301: epoch138 Q1:	0.7102	0.4514	0.4747	0.6656
2024-11-05 21:53:28.300: epoch139 Q1:	0.7106	0.4533	0.4763	0.6644
2024-11-05 21:53:29.311: epoch140 Q1:	0.7087	0.4522	0.4741	0.6629
2024-11-05 21:53:30.317: epoch141 Q1:	0.7096	0.4531	0.4756	0.6648
2024-11-05 21:53:31.330: epoch142 Q1:	0.7087	0.4508	0.4737	0.6640
2024-11-05 21:53:32.327: epoch143 Q1:	0.7084	0.4488	0.4724	0.6636
2024-11-05 21:53:33.332: epoch144 Q1:	0.7078	0.4477	0.4714	0.6630
2024-11-05 21:53:34.331: epoch145 Q1:	0.7084	0.4495	0.4724	0.6635
2024-11-05 21:53:35.362: epoch146 Q1:	0.7081	0.4489	0.4722	0.6633
2024-11-05 21:53:36.415: epoch147 Q1:	0.7069	0.4472	0.4703	0.6623
2024-11-05 21:53:37.436: epoch148 Q1:	0.7078	0.4483	0.4715	0.6635
2024-11-05 21:53:38.460: epoch149 Q1:	0.7078	0.4489	0.4717	0.6636
2024-11-05 21:53:39.484: epoch150 Q1:	0.7075	0.4482	0.4714	0.6638
2024-11-05 21:53:40.510: epoch151 Q1:	0.7081	0.4492	0.4723	0.6640
2024-11-05 21:53:41.532: epoch152 Q1:	0.7087	0.4497	0.4732	0.6645
2024-11-05 21:53:42.548: epoch153 Q1:	0.7096	0.4513	0.4744	0.6643
2024-11-05 21:53:43.572: epoch154 Q1:	0.7099	0.4509	0.4742	0.6654
2024-11-05 21:53:44.598: epoch155 Q1:	0.7099	0.4508	0.4744	0.6656
2024-11-05 21:53:45.623: epoch156 Q1:	0.7090	0.4495	0.4728	0.6648
2024-11-05 21:53:46.644: epoch157 Q1:	0.7087	0.4480	0.4715	0.6644
2024-11-05 21:53:47.669: epoch158 Q1:	0.7090	0.4490	0.4724	0.6651
2024-11-05 21:53:48.689: epoch159 Q1:	0.7081	0.4478	0.4709	0.6642
2024-11-05 21:53:49.712: epoch160 Q1:	0.7078	0.4478	0.4707	0.6622
2024-11-05 21:53:50.765: epoch161 Q1:	0.7069	0.4469	0.4693	0.6614
2024-11-05 21:53:51.894: epoch162 Q1:	0.7075	0.4482	0.4703	0.6625
2024-11-05 21:53:52.926: epoch163 Q1:	0.7081	0.4500	0.4705	0.6623
2024-11-05 21:53:53.954: epoch164 Q1:	0.7072	0.4495	0.4694	0.6616
2024-11-05 21:53:54.976: epoch165 Q1:	0.7069	0.4485	0.4692	0.6617
2024-11-05 21:53:56.002: epoch166 Q1:	0.7078	0.4486	0.4692	0.6629
2024-11-05 21:53:57.043: epoch167 Q1:	0.7069	0.4475	0.4679	0.6626
2024-11-05 21:53:58.087: epoch168 Q1:	0.7087	0.4503	0.4713	0.6650
2024-11-05 21:53:59.118: epoch169 Q1:	0.7081	0.4499	0.4706	0.6646
2024-11-05 21:54:00.150: epoch170 Q1:	0.7075	0.4488	0.4694	0.6641
2024-11-05 21:54:01.186: epoch171 Q1:	0.7078	0.4488	0.4695	0.6644
2024-11-05 21:54:02.208: epoch172 Q1:	0.7081	0.4491	0.4705	0.6650
2024-11-05 21:54:03.240: epoch173 Q1:	0.7084	0.4495	0.4713	0.6647
2024-11-05 21:54:04.272: epoch174 Q1:	0.7075	0.4479	0.4695	0.6629
2024-11-05 21:54:05.304: epoch175 Q1:	0.7084	0.4492	0.4700	0.6620
2024-11-05 21:54:06.325: epoch176 Q1:	0.7102	0.4519	0.4728	0.6649
2024-11-05 21:54:07.371: epoch177 Q1:	0.7084	0.4491	0.4712	0.6645
2024-11-05 21:54:08.399: epoch178 Q1:	0.7084	0.4483	0.4710	0.6651
2024-11-05 21:54:09.432: epoch179 Q1:	0.7072	0.4464	0.4691	0.6640
2024-11-05 21:54:10.463: epoch180 Q1:	0.7069	0.4470	0.4692	0.6637
2024-11-05 21:54:11.500: epoch181 Q1:	0.7063	0.4475	0.4685	0.6632
2024-11-05 21:54:12.534: epoch182 Q1:	0.7060	0.4469	0.4679	0.6629
2024-11-05 21:54:13.571: epoch183 Q1:	0.7066	0.4475	0.4685	0.6639
2024-11-05 21:54:14.601: epoch184 Q1:	0.7066	0.4476	0.4687	0.6640
2024-11-05 21:54:15.642: epoch185 Q1:	0.7081	0.4496	0.4708	0.6650
2024-11-05 21:54:16.701: epoch186 Q1:	0.7072	0.4485	0.4689	0.6631
2024-11-05 21:54:17.807: epoch187 Q1:	0.7066	0.4475	0.4677	0.6635
2024-11-05 21:54:18.853: epoch188 Q1:	0.7090	0.4507	0.4724	0.6659
2024-11-05 21:54:19.868: epoch189 Q1:	0.7081	0.4486	0.4707	0.6647
2024-11-05 21:54:20.887: epoch190 Q1:	0.7060	0.4467	0.4675	0.6629
2024-11-05 21:54:21.930: epoch191 Q1:	0.7057	0.4474	0.4679	0.6628
2024-11-05 21:54:22.957: epoch192 Q1:	0.7063	0.4479	0.4689	0.6634
2024-11-05 21:54:24.060: epoch193 Q1:	0.7069	0.4484	0.4700	0.6639
2024-11-05 21:54:25.107: epoch194 Q1:	0.7078	0.4491	0.4709	0.6646
2024-11-05 21:54:26.137: epoch195 Q1:	0.7090	0.4514	0.4731	0.6656
2024-11-05 21:54:27.181: epoch196 Q1:	0.7087	0.4517	0.4728	0.6648
2024-11-05 21:54:28.196: epoch197 Q1:	0.7087	0.4512	0.4725	0.6648
2024-11-05 21:54:29.211: epoch198 Q1:	0.7069	0.4493	0.4696	0.6636
2024-11-05 21:54:30.228: epoch199 Q1:	0.7072	0.4507	0.4708	0.6640
2024-11-05 21:54:31.104: Best Acc is at epoch97:	0.7127	0.4629	0.4802	0.6666
